<?xml version="1.0" encoding="UTF-8"?>
<!-- Generated by org.testng.reporters.JUnitXMLReporter -->
<testsuite hostname="Airs-Air" ignored="0" name="Test1" tests="1" failures="1" timestamp="2022-09-05T22:29:50 EDT" time="17.867" errors="0">
  <testcase name="headingTest" time="13.253" classname="test1.LoginHeading">
    <failure type="java.lang.AssertionError" message="expected:&amp;lt;kiran srirama&amp;gt; but was:&amp;lt;Pau Collings&amp;gt;">
      <![CDATA[java.lang.AssertionError: expected:<kiran srirama> but was:<Pau Collings>
at test1.LoginHeading.headingTest(LoginHeading.java:37)
at java.util.ArrayList.forEach(ArrayList.java:1259)
... Removed 29 stack frames]]>
    </failure>
  </testcase> <!-- headingTest -->
</testsuite> <!-- Test1 -->
