<?xml version="1.0" encoding="UTF-8"?>
<!-- Generated by org.testng.reporters.JUnitXMLReporter -->
<testsuite hostname="Airs-Air" ignored="0" name="Test1" tests="1" failures="1" timestamp="2022-09-18T13:39:16 EDT" time="15.862" errors="0">
  <testcase name="headingTest" time="10.62" classname="test1.LoginHeading">
    <failure type="java.lang.AssertionError" message="expected:&amp;lt;Paul Collings&amp;gt; but was:&amp;lt;Pau Collings&amp;gt;">
      <![CDATA[java.lang.AssertionError: expected:<Paul Collings> but was:<Pau Collings>
at test1.LoginHeading.headingTest(LoginHeading.java:37)
at java.util.ArrayList.forEach(ArrayList.java:1259)
... Removed 33 stack frames]]>
    </failure>
  </testcase> <!-- headingTest -->
</testsuite> <!-- Test1 -->
