<?xml version="1.0" encoding="UTF-8"?>
<testsuite xmlns:xsi="http://www.w3.org/2001/XMLSchema-instance" xsi:noNamespaceSchemaLocation="https://maven.apache.org/surefire/maven-surefire-plugin/xsd/surefire-test-report-3.0.xsd" version="3.0" name="TestSuite" time="38.758" tests="3" errors="0" skipped="0" failures="1">
  <properties>
[...]
</properties>
  <testcase name="login[Admin, admin123](1)" classname="test1.Login" time="12.33">
    <system-out><![CDATA[[DEBUG] 2022-09-18 13:38:39.010 [main] InternalLoggerFactory - Using Log4J2 as the default logging framework
[DEBUG] 2022-09-18 13:38:39.016 [main] ResourceLeakDetector - -Dio.netty.leakDetection.level: simple
[DEBUG] 2022-09-18 13:38:39.017 [main] ResourceLeakDetector - -Dio.netty.leakDetection.targetRecords: 4
[DEBUG] 2022-09-18 13:38:39.024 [main] ResourceLeakDetectorFactory - Loaded default ResourceLeakDetector: io.netty.util.ResourceLeakDetector@33fe57a9
[DEBUG] 2022-09-18 13:38:39.097 [main] PlatformDependent0 - -Dio.netty.noUnsafe: false
[DEBUG] 2022-09-18 13:38:39.098 [main] PlatformDependent0 - Java version: 8
[DEBUG] 2022-09-18 13:38:39.099 [main] PlatformDependent0 - sun.misc.Unsafe.theUnsafe: available
[DEBUG] 2022-09-18 13:38:39.100 [main] PlatformDependent0 - sun.misc.Unsafe.copyMemory: available
[DEBUG] 2022-09-18 13:38:39.100 [main] PlatformDependent0 - sun.misc.Unsafe.storeFence: available
[DEBUG] 2022-09-18 13:38:39.100 [main] PlatformDependent0 - java.nio.Buffer.address: available
[DEBUG] 2022-09-18 13:38:39.100 [main] PlatformDependent0 - direct buffer constructor: available
[DEBUG] 2022-09-18 13:38:39.101 [main] PlatformDependent0 - java.nio.Bits.unaligned: available, true
[DEBUG] 2022-09-18 13:38:39.101 [main] PlatformDependent0 - jdk.internal.misc.Unsafe.allocateUninitializedArray(int): unavailable prior to Java9
[DEBUG] 2022-09-18 13:38:39.101 [main] PlatformDependent0 - java.nio.DirectByteBuffer.<init>(long, int): available
[DEBUG] 2022-09-18 13:38:39.101 [main] PlatformDependent - sun.misc.Unsafe: available
[DEBUG] 2022-09-18 13:38:39.102 [main] PlatformDependent - -Dio.netty.tmpdir: /var/folders/lb/jkky515114lcnn3q6pdmw8x00000gp/T (java.io.tmpdir)
[DEBUG] 2022-09-18 13:38:39.102 [main] PlatformDependent - -Dio.netty.bitMode: 64 (sun.arch.data.model)
[DEBUG] 2022-09-18 13:38:39.106 [main] PlatformDependent - Platform: MacOS
[DEBUG] 2022-09-18 13:38:39.107 [main] PlatformDependent - -Dio.netty.maxDirectMemory: 1908932608 bytes
[DEBUG] 2022-09-18 13:38:39.107 [main] PlatformDependent - -Dio.netty.uninitializedArrayAllocationThreshold: -1
[DEBUG] 2022-09-18 13:38:39.108 [main] CleanerJava6 - java.nio.ByteBuffer.cleaner(): available
[DEBUG] 2022-09-18 13:38:39.108 [main] PlatformDependent - -Dio.netty.noPreferDirect: false
[DEBUG] 2022-09-18 13:38:39.112 [main] PlatformDependent - org.jctools-core.MpscChunkedArrayQueue: available
[DEBUG] 2022-09-18 13:38:39.131 [main] InternalThreadLocalMap - -Dio.netty.threadLocalMap.stringBuilder.initialSize: 1024
[DEBUG] 2022-09-18 13:38:39.131 [main] InternalThreadLocalMap - -Dio.netty.threadLocalMap.stringBuilder.maxSize: 4096
[DEBUG] 2022-09-18 13:38:39.443 [main] JdkSslContext - Default protocols (JDK): [TLSv1.2] 
[DEBUG] 2022-09-18 13:38:39.443 [main] JdkSslContext - Default cipher suites (JDK): [TLS_ECDHE_ECDSA_WITH_AES_256_GCM_SHA384, TLS_ECDHE_ECDSA_WITH_AES_128_GCM_SHA256, TLS_ECDHE_RSA_WITH_AES_128_GCM_SHA256, TLS_ECDHE_RSA_WITH_AES_256_GCM_SHA384, TLS_ECDHE_RSA_WITH_AES_128_CBC_SHA, TLS_ECDHE_RSA_WITH_AES_256_CBC_SHA, TLS_RSA_WITH_AES_128_GCM_SHA256, TLS_RSA_WITH_AES_128_CBC_SHA, TLS_RSA_WITH_AES_256_CBC_SHA, TLS_AES_128_GCM_SHA256, TLS_AES_256_GCM_SHA384]
[DEBUG] 2022-09-18 13:38:39.461 [main] MultithreadEventLoopGroup - -Dio.netty.eventLoopThreads: 16
[DEBUG] 2022-09-18 13:38:39.465 [main] NioEventLoop - -Dio.netty.noKeySetOptimization: false
[DEBUG] 2022-09-18 13:38:39.465 [main] NioEventLoop - -Dio.netty.selectorAutoRebuildThreshold: 512
[TRACE] 2022-09-18 13:38:39.468 [main] NioEventLoop - instrumented a special java.util.Set into: sun.nio.ch.KQueueSelectorImpl@acb0951
[TRACE] 2022-09-18 13:38:39.468 [main] NioEventLoop - instrumented a special java.util.Set into: sun.nio.ch.KQueueSelectorImpl@7a7471ce
[TRACE] 2022-09-18 13:38:39.468 [main] NioEventLoop - instrumented a special java.util.Set into: sun.nio.ch.KQueueSelectorImpl@28276e50
[TRACE] 2022-09-18 13:38:39.468 [main] NioEventLoop - instrumented a special java.util.Set into: sun.nio.ch.KQueueSelectorImpl@62e70ea3
[TRACE] 2022-09-18 13:38:39.468 [main] NioEventLoop - instrumented a special java.util.Set into: sun.nio.ch.KQueueSelectorImpl@3efe7086
[TRACE] 2022-09-18 13:38:39.468 [main] NioEventLoop - instrumented a special java.util.Set into: sun.nio.ch.KQueueSelectorImpl@675d8c96
[TRACE] 2022-09-18 13:38:39.468 [main] NioEventLoop - instrumented a special java.util.Set into: sun.nio.ch.KQueueSelectorImpl@741b3bc3
[TRACE] 2022-09-18 13:38:39.468 [main] NioEventLoop - instrumented a special java.util.Set into: sun.nio.ch.KQueueSelectorImpl@2ed3b1f5
[TRACE] 2022-09-18 13:38:39.469 [main] NioEventLoop - instrumented a special java.util.Set into: sun.nio.ch.KQueueSelectorImpl@63648ee9
[TRACE] 2022-09-18 13:38:39.469 [main] NioEventLoop - instrumented a special java.util.Set into: sun.nio.ch.KQueueSelectorImpl@68d6972f
[TRACE] 2022-09-18 13:38:39.469 [main] NioEventLoop - instrumented a special java.util.Set into: sun.nio.ch.KQueueSelectorImpl@45be7cd5
[TRACE] 2022-09-18 13:38:39.469 [main] NioEventLoop - instrumented a special java.util.Set into: sun.nio.ch.KQueueSelectorImpl@7651218e
[TRACE] 2022-09-18 13:38:39.469 [main] NioEventLoop - instrumented a special java.util.Set into: sun.nio.ch.KQueueSelectorImpl@3185fa6b
[TRACE] 2022-09-18 13:38:39.469 [main] NioEventLoop - instrumented a special java.util.Set into: sun.nio.ch.KQueueSelectorImpl@6d366c9b
[TRACE] 2022-09-18 13:38:39.469 [main] NioEventLoop - instrumented a special java.util.Set into: sun.nio.ch.KQueueSelectorImpl@5b58ed3c
[TRACE] 2022-09-18 13:38:39.470 [main] NioEventLoop - instrumented a special java.util.Set into: sun.nio.ch.KQueueSelectorImpl@24faea88
[DEBUG] 2022-09-18 13:38:39.484 [main] PooledByteBufAllocator - -Dio.netty.allocator.numHeapArenas: 16
[DEBUG] 2022-09-18 13:38:39.484 [main] PooledByteBufAllocator - -Dio.netty.allocator.numDirectArenas: 16
[DEBUG] 2022-09-18 13:38:39.484 [main] PooledByteBufAllocator - -Dio.netty.allocator.pageSize: 8192
[DEBUG] 2022-09-18 13:38:39.484 [main] PooledByteBufAllocator - -Dio.netty.allocator.maxOrder: 9
[DEBUG] 2022-09-18 13:38:39.484 [main] PooledByteBufAllocator - -Dio.netty.allocator.chunkSize: 4194304
[DEBUG] 2022-09-18 13:38:39.484 [main] PooledByteBufAllocator - -Dio.netty.allocator.smallCacheSize: 256
[DEBUG] 2022-09-18 13:38:39.484 [main] PooledByteBufAllocator - -Dio.netty.allocator.normalCacheSize: 64
[DEBUG] 2022-09-18 13:38:39.485 [main] PooledByteBufAllocator - -Dio.netty.allocator.maxCachedBufferCapacity: 32768
[DEBUG] 2022-09-18 13:38:39.485 [main] PooledByteBufAllocator - -Dio.netty.allocator.cacheTrimInterval: 8192
[DEBUG] 2022-09-18 13:38:39.485 [main] PooledByteBufAllocator - -Dio.netty.allocator.cacheTrimIntervalMillis: 0
[DEBUG] 2022-09-18 13:38:39.485 [main] PooledByteBufAllocator - -Dio.netty.allocator.useCacheForAllThreads: false
[DEBUG] 2022-09-18 13:38:39.485 [main] PooledByteBufAllocator - -Dio.netty.allocator.maxCachedByteBuffersPerChunk: 1023
[DEBUG] 2022-09-18 13:38:39.492 [main] ByteBufUtil - -Dio.netty.allocator.type: pooled
[DEBUG] 2022-09-18 13:38:39.492 [main] ByteBufUtil - -Dio.netty.threadLocalDirectBufferSize: 0
[DEBUG] 2022-09-18 13:38:39.492 [main] ByteBufUtil - -Dio.netty.maxThreadLocalCharBufferSize: 16384
[DEBUG] 2022-09-18 13:38:39.761 [Forwarding newSession on session null to remote] DefaultChannelId - -Dio.netty.processId: 1817 (auto-detected)
[DEBUG] 2022-09-18 13:38:39.765 [Forwarding newSession on session null to remote] NetUtil - -Djava.net.preferIPv4Stack: false
[DEBUG] 2022-09-18 13:38:39.766 [Forwarding newSession on session null to remote] NetUtil - -Djava.net.preferIPv6Addresses: false
[DEBUG] 2022-09-18 13:38:39.767 [Forwarding newSession on session null to remote] NetUtilInitializations - Loopback interface: lo0 (lo0, 0:0:0:0:0:0:0:1%lo0)
[DEBUG] 2022-09-18 13:38:39.768 [Forwarding newSession on session null to remote] NetUtil - Failed to get SOMAXCONN from sysctl and file /proc/sys/net/core/somaxconn. Default: 128
[DEBUG] 2022-09-18 13:38:39.770 [Forwarding newSession on session null to remote] DefaultChannelId - -Dio.netty.machineId: b0:be:83:ff:fe:28:41:77 (auto-detected)
[DEBUG] 2022-09-18 13:38:39.821 [AsyncHttpClient-1-2] AbstractByteBuf - -Dio.netty.buffer.checkAccessible: true
[DEBUG] 2022-09-18 13:38:39.822 [AsyncHttpClient-1-2] AbstractByteBuf - -Dio.netty.buffer.checkBounds: true
[DEBUG] 2022-09-18 13:38:39.822 [AsyncHttpClient-1-2] ResourceLeakDetectorFactory - Loaded default ResourceLeakDetector: io.netty.util.ResourceLeakDetector@33b1c20b
[DEBUG] 2022-09-18 13:38:39.843 [AsyncHttpClient-1-2] Recycler - -Dio.netty.recycler.maxCapacityPerThread: 4096
[DEBUG] 2022-09-18 13:38:39.844 [AsyncHttpClient-1-2] Recycler - -Dio.netty.recycler.ratio: 8
[DEBUG] 2022-09-18 13:38:39.844 [AsyncHttpClient-1-2] Recycler - -Dio.netty.recycler.chunkSize: 32
[DEBUG] 2022-09-18 13:38:39.844 [AsyncHttpClient-1-2] Recycler - -Dio.netty.recycler.blocking: false
[DEBUG] 2022-09-18 13:38:43.243 [AsyncHttpClient-1-2] Brotli - brotli4j not in the classpath; Brotli support will be unavailable.
[DEBUG] 2022-09-18 13:38:43.361 [main] ThreadLocalRandom - -Dio.netty.initialSeedUniquifier: 0xafaae3d360963400
[INFO ] 2022-09-18 13:38:47.266 [main] Login - Initialize Browser
[INFO ] 2022-09-18 13:38:51.072 [main] Login - Run Test Case
[INFO ] 2022-09-18 13:38:51.206 [main] Login - Driver Close
]]></system-out>
    <system-err><![CDATA[SLF4J: Failed to load class "org.slf4j.impl.StaticLoggerBinder".
SLF4J: Defaulting to no-operation (NOP) logger implementation
SLF4J: See http://www.slf4j.org/codes.html#StaticLoggerBinder for further details.
Starting ChromeDriver 104.0.5112.79 (3cf3e8c8a07d104b9e1260c910efb8f383285dc5-refs/branch-heads/5112@{#1307}) on port 51309
Only local connections are allowed.
Please see https://chromedriver.chromium.org/security-considerations for suggestions on keeping ChromeDriver safe.
ChromeDriver was started successfully.
[1663522722.784][WARNING]: This version of ChromeDriver has not been tested with Chrome version 105.
Sep 18, 2022 1:38:43 PM org.openqa.selenium.remote.ProtocolHandshake createSession
INFO: Detected upstream dialect: W3C
Sep 18, 2022 1:38:43 PM org.openqa.selenium.devtools.CdpVersionFinder findNearestMatch
WARNING: Unable to find an exact match for CDP version 105, so returning the closest version found: 104
Sep 18, 2022 1:38:43 PM org.openqa.selenium.devtools.CdpVersionFinder findNearestMatch
INFO: Found CDP implementation for version 105 of 104
]]></system-err>
  </testcase>
  <testcase name="login[Admin, password](2)" classname="test1.Login" time="8.683">
    <system-out><![CDATA[[INFO ] 2022-09-18 13:38:56.014 [main] Login - Initialize Browser
[INFO ] 2022-09-18 13:38:59.780 [main] Login - Run Test Case
[INFO ] 2022-09-18 13:38:59.905 [main] Login - Driver Close
]]></system-out>
    <system-err><![CDATA[Starting ChromeDriver 104.0.5112.79 (3cf3e8c8a07d104b9e1260c910efb8f383285dc5-refs/branch-heads/5112@{#1307}) on port 55974
Only local connections are allowed.
Please see https://chromedriver.chromium.org/security-considerations for suggestions on keeping ChromeDriver safe.
ChromeDriver was started successfully.
[1663522732.130][WARNING]: This version of ChromeDriver has not been tested with Chrome version 105.
Sep 18, 2022 1:38:52 PM org.openqa.selenium.remote.ProtocolHandshake createSession
INFO: Detected upstream dialect: W3C
Sep 18, 2022 1:38:52 PM org.openqa.selenium.devtools.CdpVersionFinder findNearestMatch
WARNING: Unable to find an exact match for CDP version 105, so returning the closest version found: 104
Sep 18, 2022 1:38:52 PM org.openqa.selenium.devtools.CdpVersionFinder findNearestMatch
INFO: Found CDP implementation for version 105 of 104
]]></system-err>
  </testcase>
  <testcase name="headingTest" classname="test1.LoginHeading" time="10.923">
    <failure message="expected:&lt;Paul Collings&gt; but was:&lt;Pau Collings&gt;" type="java.lang.AssertionError"><![CDATA[java.lang.AssertionError: expected:<Paul Collings> but was:<Pau Collings>
	at org.testng.AssertJUnit.assertEquals(AssertJUnit.java:115)
	at org.testng.AssertJUnit.assertEquals(AssertJUnit.java:125)
	at test1.LoginHeading.headingTest(LoginHeading.java:37)
	at sun.reflect.NativeMethodAccessorImpl.invoke0(Native Method)
	at sun.reflect.NativeMethodAccessorImpl.invoke(NativeMethodAccessorImpl.java:62)
	at sun.reflect.DelegatingMethodAccessorImpl.invoke(DelegatingMethodAccessorImpl.java:43)
	at java.lang.reflect.Method.invoke(Method.java:498)
	at org.testng.internal.invokers.MethodInvocationHelper.invokeMethod(MethodInvocationHelper.java:135)
	at org.testng.internal.invokers.TestInvoker.invokeMethod(TestInvoker.java:673)
	at org.testng.internal.invokers.TestInvoker.invokeTestMethod(TestInvoker.java:220)
	at org.testng.internal.invokers.MethodRunner.runInSequence(MethodRunner.java:50)
	at org.testng.internal.invokers.TestInvoker$MethodInvocationAgent.invoke(TestInvoker.java:945)
	at org.testng.internal.invokers.TestInvoker.invokeTestMethods(TestInvoker.java:193)
	at org.testng.internal.invokers.TestMethodWorker.invokeTestMethods(TestMethodWorker.java:146)
	at org.testng.internal.invokers.TestMethodWorker.run(TestMethodWorker.java:128)
	at java.util.ArrayList.forEach(ArrayList.java:1259)
	at org.testng.TestRunner.privateRun(TestRunner.java:808)
	at org.testng.TestRunner.run(TestRunner.java:603)
	at org.testng.SuiteRunner.runTest(SuiteRunner.java:429)
	at org.testng.SuiteRunner.runSequentially(SuiteRunner.java:423)
	at org.testng.SuiteRunner.privateRun(SuiteRunner.java:383)
	at org.testng.SuiteRunner.run(SuiteRunner.java:326)
	at org.testng.SuiteRunnerWorker.runSuite(SuiteRunnerWorker.java:52)
	at org.testng.SuiteRunnerWorker.run(SuiteRunnerWorker.java:95)
	at org.testng.TestNG.runSuitesSequentially(TestNG.java:1249)
	at org.testng.TestNG.runSuitesLocally(TestNG.java:1169)
	at org.testng.TestNG.runSuites(TestNG.java:1092)
	at org.testng.TestNG.run(TestNG.java:1060)
	at org.apache.maven.surefire.testng.TestNGExecutor.run(TestNGExecutor.java:324)
	at org.apache.maven.surefire.testng.TestNGXmlTestSuite.execute(TestNGXmlTestSuite.java:74)
	at org.apache.maven.surefire.testng.TestNGProvider.invoke(TestNGProvider.java:123)
	at org.apache.maven.surefire.booter.ForkedBooter.runSuitesInProcess(ForkedBooter.java:456)
	at org.apache.maven.surefire.booter.ForkedBooter.execute(ForkedBooter.java:169)
	at org.apache.maven.surefire.booter.ForkedBooter.run(ForkedBooter.java:595)
	at org.apache.maven.surefire.booter.ForkedBooter.main(ForkedBooter.java:581)
]]></failure>
    <system-out><![CDATA[[INFO ] 2022-09-18 13:39:05.250 [main] LoginHeading - Initialize Driver
[INFO ] 2022-09-18 13:39:09.005 [main] LoginHeading - Test Run
]]></system-out>
    <system-err><![CDATA[Starting ChromeDriver 104.0.5112.79 (3cf3e8c8a07d104b9e1260c910efb8f383285dc5-refs/branch-heads/5112@{#1307}) on port 53339
Only local connections are allowed.
Please see https://chromedriver.chromium.org/security-considerations for suggestions on keeping ChromeDriver safe.
ChromeDriver was started successfully.
[1663522741.341][WARNING]: This version of ChromeDriver has not been tested with Chrome version 105.
Sep 18, 2022 1:39:01 PM org.openqa.selenium.remote.ProtocolHandshake createSession
INFO: Detected upstream dialect: W3C
Sep 18, 2022 1:39:01 PM org.openqa.selenium.devtools.CdpVersionFinder findNearestMatch
WARNING: Unable to find an exact match for CDP version 105, so returning the closest version found: 104
Sep 18, 2022 1:39:01 PM org.openqa.selenium.devtools.CdpVersionFinder findNearestMatch
INFO: Found CDP implementation for version 105 of 104
]]></system-err>
  </testcase>
</testsuite>